Traceback (most recent call last):
  File "/usr/share/miniconda/lib/python3.9/site-packages/jupyter_cache/executors/utils.py", line 51, in single_nb_execution
    executenb(
  File "/usr/share/miniconda/lib/python3.9/site-packages/nbclient/client.py", line 1204, in execute
    return NotebookClient(nb=nb, resources=resources, km=km, **kwargs).execute()
  File "/usr/share/miniconda/lib/python3.9/site-packages/nbclient/util.py", line 84, in wrapped
    return just_run(coro(*args, **kwargs))
  File "/usr/share/miniconda/lib/python3.9/site-packages/nbclient/util.py", line 62, in just_run
    return loop.run_until_complete(coro)
  File "/usr/share/miniconda/lib/python3.9/asyncio/base_events.py", line 642, in run_until_complete
    return future.result()
  File "/usr/share/miniconda/lib/python3.9/site-packages/nbclient/client.py", line 663, in async_execute
    await self.async_execute_cell(
  File "/usr/share/miniconda/lib/python3.9/site-packages/nbclient/client.py", line 965, in async_execute_cell
    await self._check_raise_for_error(cell, cell_index, exec_reply)
  File "/usr/share/miniconda/lib/python3.9/site-packages/nbclient/client.py", line 862, in _check_raise_for_error
    raise CellExecutionError.from_cell_and_msg(cell, exec_reply_content)
nbclient.exceptions.CellExecutionError: An error occurred while executing the following cell:
------------------
yam = yaml_generator.SimInput(input_xml=xml_name, pointing_file=pointing_name,
                              catalogs=catalogues, roll_angle=roll_angle,
                              dates=dates, reffile_defaults=reffile_defaults,
                              verbose=True, output_dir=odir,
                              simdata_output_dir=simdata_output_directory,
                              datatype=datatype)

yam.create_inputs()
print("Created yaml files")

# Create yaml files for all observations.
yaml_files = sorted(glob.glob(os.path.join(odir, 'jw*.yaml')))

print(yaml_files)
------------------

[0;31m---------------------------------------------------------------------------[0m
[0;31mFileNotFoundError[0m                         Traceback (most recent call last)
Input [0;32mIn [9][0m, in [0;36m<cell line: 1>[0;34m()[0m
[0;32m----> 1[0m yam [38;5;241m=[39m [43myaml_generator[49m[38;5;241;43m.[39;49m[43mSimInput[49m[43m([49m[43minput_xml[49m[38;5;241;43m=[39;49m[43mxml_name[49m[43m,[49m[43m [49m[43mpointing_file[49m[38;5;241;43m=[39;49m[43mpointing_name[49m[43m,[49m
[1;32m      2[0m [43m                              [49m[43mcatalogs[49m[38;5;241;43m=[39;49m[43mcatalogues[49m[43m,[49m[43m [49m[43mroll_angle[49m[38;5;241;43m=[39;49m[43mroll_angle[49m[43m,[49m
[1;32m      3[0m [43m                              [49m[43mdates[49m[38;5;241;43m=[39;49m[43mdates[49m[43m,[49m[43m [49m[43mreffile_defaults[49m[38;5;241;43m=[39;49m[43mreffile_defaults[49m[43m,[49m
[1;32m      4[0m [43m                              [49m[43mverbose[49m[38;5;241;43m=[39;49m[38;5;28;43;01mTrue[39;49;00m[43m,[49m[43m [49m[43moutput_dir[49m[38;5;241;43m=[39;49m[43modir[49m[43m,[49m
[1;32m      5[0m [43m                              [49m[43msimdata_output_dir[49m[38;5;241;43m=[39;49m[43msimdata_output_directory[49m[43m,[49m
[1;32m      6[0m [43m                              [49m[43mdatatype[49m[38;5;241;43m=[39;49m[43mdatatype[49m[43m)[49m
[1;32m      8[0m yam[38;5;241m.[39mcreate_inputs()
[1;32m      9[0m [38;5;28mprint[39m([38;5;124m"[39m[38;5;124mCreated yaml files[39m[38;5;124m"[39m)

File [0;32m/usr/share/miniconda/lib/python3.9/site-packages/mirage/yaml/yaml_generator.py:329[0m, in [0;36mSimInput.__init__[0;34m(self, input_xml, pointing_file, datatype, reffile_defaults, reffile_overrides, use_JWST_pipeline, catalogs, cosmic_rays, background, roll_angle, dates, observation_list_file, verbose, output_dir, simdata_output_dir, dateobs_for_background, segmap_flux_limit, segmap_flux_limit_units, add_ghosts, convolve_ghosts_with_psf, convolve_extended_with_psf, offline)[0m
[1;32m    326[0m     [38;5;28mself[39m[38;5;241m.[39msegmentation_threshold_units [38;5;241m=[39m segmap_flux_limit_units
[1;32m    328[0m [38;5;66;03m# Expand the MIRAGE_DATA environment variable[39;00m
[0;32m--> 329[0m [38;5;28mself[39m[38;5;241m.[39mdatadir [38;5;241m=[39m [43mexpand_environment_variable[49m[43m([49m[43mENV_VAR[49m[43m,[49m[43m [49m[43moffline[49m[38;5;241;43m=[39;49m[38;5;28;43mself[39;49m[38;5;241;43m.[39;49m[43moffline[49m[43m)[49m
[1;32m    331[0m [38;5;66;03m# Check that CRDS-related environment variables are set correctly[39;00m
[1;32m    332[0m [38;5;28mself[39m[38;5;241m.[39mcrds_datadir [38;5;241m=[39m crds_tools[38;5;241m.[39menv_variables()

File [0;32m/usr/share/miniconda/lib/python3.9/site-packages/mirage/utils/utils.py:421[0m, in [0;36mexpand_environment_variable[0;34m(variable_name, offline)[0m
[1;32m    419[0m [38;5;28;01mif[39;00m [38;5;129;01mnot[39;00m offline:
[1;32m    420[0m     [38;5;28;01mif[39;00m [38;5;129;01mnot[39;00m os[38;5;241m.[39mpath[38;5;241m.[39misdir(variable_directory):
[0;32m--> 421[0m         [38;5;28;01mraise[39;00m [38;5;167;01mFileNotFoundError[39;00m(([38;5;124m"[39m[38;5;124mThe directory contained in the [39m[38;5;132;01m{}[39;00m[38;5;124m [39m[38;5;124m"[39m
[1;32m    422[0m                                  [38;5;124m"[39m[38;5;124menvironment variable: [39m[38;5;132;01m{}[39;00m[38;5;124m does not exist or [39m[38;5;124m"[39m
[1;32m    423[0m                                  [38;5;124m"[39m[38;5;124mis not accessible.[39m[38;5;124m"[39m[38;5;241m.[39mformat(variable_name, variable_directory)))
[1;32m    424[0m [38;5;28;01mreturn[39;00m variable_directory

[0;31mFileNotFoundError[0m: The directory contained in the MIRAGE_DATA environment variable: /path/to/mirage_data/ does not exist or is not accessible.
FileNotFoundError: The directory contained in the MIRAGE_DATA environment variable: /path/to/mirage_data/ does not exist or is not accessible.

