Traceback (most recent call last):
  File "/usr/share/miniconda/lib/python3.9/site-packages/jupyter_cache/executors/utils.py", line 51, in single_nb_execution
    executenb(
  File "/usr/share/miniconda/lib/python3.9/site-packages/nbclient/client.py", line 1204, in execute
    return NotebookClient(nb=nb, resources=resources, km=km, **kwargs).execute()
  File "/usr/share/miniconda/lib/python3.9/site-packages/nbclient/util.py", line 84, in wrapped
    return just_run(coro(*args, **kwargs))
  File "/usr/share/miniconda/lib/python3.9/site-packages/nbclient/util.py", line 62, in just_run
    return loop.run_until_complete(coro)
  File "/usr/share/miniconda/lib/python3.9/asyncio/base_events.py", line 647, in run_until_complete
    return future.result()
  File "/usr/share/miniconda/lib/python3.9/site-packages/nbclient/client.py", line 663, in async_execute
    await self.async_execute_cell(
  File "/usr/share/miniconda/lib/python3.9/site-packages/nbclient/client.py", line 965, in async_execute_cell
    await self._check_raise_for_error(cell, cell_index, exec_reply)
  File "/usr/share/miniconda/lib/python3.9/site-packages/nbclient/client.py", line 862, in _check_raise_for_error
    raise CellExecutionError.from_cell_and_msg(cell, exec_reply_content)
nbclient.exceptions.CellExecutionError: An error occurred while executing the following cell:
------------------
#Sum observed flux in each spaxel
cube_tflux=np.sum(data_cube,axis=0)[0:ysize,0:zsize]

#Sum model flux in each spaxel
tcube_chi=np.zeros((ysize, zsize))
tcube_modflux=np.zeros((ysize, zsize))
funcdefs = {}
modres=spax_result
for pos, dumpval in cube_res.items():
    #for pos, dumpval in cube_res:
    if str(cube_res[pos])=='nan':
        tcube_modflux[pos]=np.float('nan')
        tcube_chi[pos]=np.float('nan')
    else:
        result = modres.loads(dumpval, funcdefs=funcdefs)
        tcube_modflux[pos]=np.sum(result.best_fit)
        tcube_chi[pos]=result.redchi

f,(ax1,ax2,ax3)=plt.subplots(1,3, figsize=(10,15))
ax1.set_title('log Observed Flux')
ax1.imshow(cube_tflux, origin='lower', cmap='gray', norm=LogNorm())
ax2.set_title('log Model Flux')
ax2.imshow(tcube_modflux, origin='lower', cmap='gray', norm=LogNorm())
ax3.set_title('Reduced Chi Square')
ax3.imshow(cube_tflux-tcube_modflux, origin='lower', cmap='hot')
plt.show()
------------------

[0;31m---------------------------------------------------------------------------[0m
[0;31mAttributeError[0m                            Traceback (most recent call last)
Cell [0;32mIn[11], line 12[0m
[1;32m      9[0m [38;5;28;01mfor[39;00m pos, dumpval [38;5;129;01min[39;00m cube_res[38;5;241m.[39mitems():
[1;32m     10[0m     [38;5;66;03m#for pos, dumpval in cube_res:[39;00m
[1;32m     11[0m     [38;5;28;01mif[39;00m [38;5;28mstr[39m(cube_res[pos])[38;5;241m==[39m[38;5;124m'[39m[38;5;124mnan[39m[38;5;124m'[39m:
[0;32m---> 12[0m         tcube_modflux[pos][38;5;241m=[39m[43mnp[49m[38;5;241;43m.[39;49m[43mfloat[49m([38;5;124m'[39m[38;5;124mnan[39m[38;5;124m'[39m)
[1;32m     13[0m         tcube_chi[pos][38;5;241m=[39mnp[38;5;241m.[39mfloat([38;5;124m'[39m[38;5;124mnan[39m[38;5;124m'[39m)
[1;32m     14[0m     [38;5;28;01melse[39;00m:

File [0;32m/usr/share/miniconda/lib/python3.9/site-packages/numpy/__init__.py:284[0m, in [0;36m__getattr__[0;34m(attr)[0m
[1;32m    281[0m     [38;5;28;01mfrom[39;00m [38;5;21;01m.[39;00m[38;5;21;01mtesting[39;00m [38;5;28;01mimport[39;00m Tester
[1;32m    282[0m     [38;5;28;01mreturn[39;00m Tester
[0;32m--> 284[0m [38;5;28;01mraise[39;00m [38;5;167;01mAttributeError[39;00m([38;5;124m"[39m[38;5;124mmodule [39m[38;5;132;01m{!r}[39;00m[38;5;124m has no attribute [39m[38;5;124m"[39m
[1;32m    285[0m                      [38;5;124m"[39m[38;5;132;01m{!r}[39;00m[38;5;124m"[39m[38;5;241m.[39mformat([38;5;18m__name__[39m, attr))

[0;31mAttributeError[0m: module 'numpy' has no attribute 'float'
AttributeError: module 'numpy' has no attribute 'float'

