Traceback (most recent call last):
  File "/usr/share/miniconda/lib/python3.9/site-packages/jupyter_cache/executors/utils.py", line 51, in single_nb_execution
    executenb(
  File "/usr/share/miniconda/lib/python3.9/site-packages/nbclient/client.py", line 1204, in execute
    return NotebookClient(nb=nb, resources=resources, km=km, **kwargs).execute()
  File "/usr/share/miniconda/lib/python3.9/site-packages/nbclient/util.py", line 84, in wrapped
    return just_run(coro(*args, **kwargs))
  File "/usr/share/miniconda/lib/python3.9/site-packages/nbclient/util.py", line 62, in just_run
    return loop.run_until_complete(coro)
  File "/usr/share/miniconda/lib/python3.9/asyncio/base_events.py", line 647, in run_until_complete
    return future.result()
  File "/usr/share/miniconda/lib/python3.9/site-packages/nbclient/client.py", line 663, in async_execute
    await self.async_execute_cell(
  File "/usr/share/miniconda/lib/python3.9/site-packages/nbclient/client.py", line 965, in async_execute_cell
    await self._check_raise_for_error(cell, cell_index, exec_reply)
  File "/usr/share/miniconda/lib/python3.9/site-packages/nbclient/client.py", line 862, in _check_raise_for_error
    raise CellExecutionError.from_cell_and_msg(cell, exec_reply_content)
nbclient.exceptions.CellExecutionError: An error occurred while executing the following cell:
------------------
instrument = NIRSpec()
print(instrument.filter_list)

# For reference:
allowed_masks = ('S200A1','S200A2','S400A1','S1600A1','S200B1', 
                 'MSA all open', 'Single MSA open shutter', 
                 'Three adjacent MSA open shutters')

# Edit these as necessary
instrument.filter = 'F110W' 
instrument.image_mask = 'Three adjacent MSA open shutters'
------------------

[0;31m---------------------------------------------------------------------------[0m
[0;31mOSError[0m                                   Traceback (most recent call last)
Input [0;32mIn [34][0m, in [0;36m<cell line: 1>[0;34m()[0m
[0;32m----> 1[0m instrument [38;5;241m=[39m [43mNIRSpec[49m[43m([49m[43m)[49m
[1;32m      2[0m [38;5;28mprint[39m(instrument[38;5;241m.[39mfilter_list)
[1;32m      4[0m [38;5;66;03m# For reference:[39;00m

File [0;32m/usr/share/miniconda/lib/python3.9/site-packages/webbpsf/webbpsf_core.py:2110[0m, in [0;36mNIRSpec.__init__[0;34m(self)[0m
[1;32m   2109[0m [38;5;28;01mdef[39;00m [38;5;21m__init__[39m([38;5;28mself[39m):
[0;32m-> 2110[0m     [43mJWInstrument[49m[38;5;241;43m.[39;49m[38;5;21;43m__init__[39;49m[43m([49m[38;5;28;43mself[39;49m[43m,[49m[43m [49m[38;5;124;43m"[39;49m[38;5;124;43mNIRSpec[39;49m[38;5;124;43m"[39;49m[43m)[49m
[1;32m   2111[0m     [38;5;28mself[39m[38;5;241m.[39mpixelscale [38;5;241m=[39m [38;5;241m0.1043[39m  [38;5;66;03m# Average over both detectors.  SIAF PRDOPSSOC-031, 2021 April[39;00m
[1;32m   2112[0m     [38;5;66;03m# Microshutters are 0.2x0.46 but we ignore that here.[39;00m

File [0;32m/usr/share/miniconda/lib/python3.9/site-packages/webbpsf/webbpsf_core.py:766[0m, in [0;36mJWInstrument.__init__[0;34m(self, *args, **kwargs)[0m
[1;32m    765[0m [38;5;28;01mdef[39;00m [38;5;21m__init__[39m([38;5;28mself[39m, [38;5;241m*[39margs, [38;5;241m*[39m[38;5;241m*[39mkwargs):
[0;32m--> 766[0m     [38;5;28;43msuper[39;49m[43m([49m[43mJWInstrument[49m[43m,[49m[43m [49m[38;5;28;43mself[39;49m[43m)[49m[38;5;241;43m.[39;49m[38;5;21;43m__init__[39;49m[43m([49m[38;5;241;43m*[39;49m[43margs[49m[43m,[49m[43m [49m[38;5;241;43m*[39;49m[38;5;241;43m*[39;49m[43mkwargs[49m[43m)[49m
[1;32m    768[0m     [38;5;28mself[39m[38;5;241m.[39msiaf [38;5;241m=[39m pysiaf[38;5;241m.[39mSiaf([38;5;28mself[39m[38;5;241m.[39mname)
[1;32m    770[0m     opd_path [38;5;241m=[39m os[38;5;241m.[39mpath[38;5;241m.[39mjoin([38;5;28mself[39m[38;5;241m.[39m_datapath, [38;5;124m'[39m[38;5;124mOPD[39m[38;5;124m'[39m)

File [0;32m/usr/share/miniconda/lib/python3.9/site-packages/webbpsf/webbpsf_core.py:174[0m, in [0;36mSpaceTelescopeInstrument.__init__[0;34m(self, name, pixelscale)[0m
[1;32m    171[0m [38;5;28;01mdef[39;00m [38;5;21m__init__[39m([38;5;28mself[39m, name[38;5;241m=[39m[38;5;124m"[39m[38;5;124m"[39m, pixelscale[38;5;241m=[39m[38;5;241m0.064[39m):
[1;32m    172[0m     [38;5;28mself[39m[38;5;241m.[39mname [38;5;241m=[39m name
[0;32m--> 174[0m     [38;5;28mself[39m[38;5;241m.[39m_WebbPSF_basepath, [38;5;28mself[39m[38;5;241m.[39m_data_version [38;5;241m=[39m [43mutils[49m[38;5;241;43m.[39;49m[43mget_webbpsf_data_path[49m[43m([49m
[1;32m    175[0m [43m        [49m[43mdata_version_min[49m[38;5;241;43m=[39;49m[43mDATA_VERSION_MIN[49m[43m,[49m[43m [49m[43mreturn_version[49m[38;5;241;43m=[39;49m[38;5;28;43;01mTrue[39;49;00m[43m)[49m
[1;32m    177[0m     [38;5;28mself[39m[38;5;241m.[39m_datapath [38;5;241m=[39m os[38;5;241m.[39mpath[38;5;241m.[39mjoin([38;5;28mself[39m[38;5;241m.[39m_WebbPSF_basepath, [38;5;28mself[39m[38;5;241m.[39mname)
[1;32m    178[0m     [38;5;28mself[39m[38;5;241m.[39m_image_mask [38;5;241m=[39m [38;5;28;01mNone[39;00m

File [0;32m/usr/share/miniconda/lib/python3.9/site-packages/webbpsf/utils.py:229[0m, in [0;36mget_webbpsf_data_path[0;34m(data_version_min, return_version)[0m
[1;32m    227[0m [38;5;28;01mif[39;00m [38;5;129;01mnot[39;00m version_tuple [38;5;241m>[39m[38;5;241m=[39m data_version_min:
[1;32m    228[0m     min_ver [38;5;241m=[39m [38;5;124m'[39m[38;5;132;01m{}[39;00m[38;5;124m.[39m[38;5;132;01m{}[39;00m[38;5;124m.[39m[38;5;132;01m{}[39;00m[38;5;124m'[39m[38;5;241m.[39mformat([38;5;241m*[39mdata_version_min)
[0;32m--> 229[0m     [38;5;28;01mraise[39;00m [38;5;167;01mEnvironmentError[39;00m(
[1;32m    230[0m         [38;5;124mf[39m[38;5;124m"[39m[38;5;124mWebbPSF data package has version [39m[38;5;132;01m{[39;00mversion_contents[38;5;132;01m}[39;00m[38;5;124m, but [39m[38;5;132;01m{[39;00mmin_ver[38;5;132;01m}[39;00m[38;5;124m is needed. [39m[38;5;124m"[39m
[1;32m    231[0m         [38;5;124m"[39m[38;5;124mSee https://webbpsf.readthedocs.io/en/stable/installation.html#data-install [39m[38;5;124m"[39m
[1;32m    232[0m         [38;5;124m"[39m[38;5;124mfor a link to the latest version.[39m[38;5;124m"[39m
[1;32m    233[0m         [38;5;124mf[39m[38;5;124m"[39m[38;5;130;01m\n[39;00m[38;5;132;01m{[39;00mMISSING_WEBBPSF_DATA_MESSAGE[38;5;132;01m}[39;00m[38;5;124m"[39m
[1;32m    234[0m         )
[1;32m    236[0m [38;5;28;01mif[39;00m return_version:
[1;32m    237[0m     [38;5;28;01mreturn[39;00m path, version_contents

[0;31mOSError[0m: WebbPSF data package has version 0.9.0, but 1.0.0 is needed. See https://webbpsf.readthedocs.io/en/stable/installation.html#data-install for a link to the latest version.

 ***********  ERROR  ******  ERROR  ******  ERROR  ******  ERROR  ***********
 *                                                                          *
 *  WebbPSF requires several data files to operate.                         *
 *  These files could not be located automatically at this time, or this    *
 *  version of the software requires a newer set of reference files than    *
 *  you have installed.  For more details see:                              *
 *                                                                          *
 *        https://webbpsf.readthedocs.io/en/stable/installation.html        *
 *                                                                          *
 *  under "Installing the Required Data Files".                             *
 *  WebbPSF will not be able to function properly until the appropriate     *
 *  reference files have been downloaded to your machine and installed.     *
 *                                                                          *
 ****************************************************************************

OSError: WebbPSF data package has version 0.9.0, but 1.0.0 is needed. See https://webbpsf.readthedocs.io/en/stable/installation.html#data-install for a link to the latest version.

 ***********  ERROR  ******  ERROR  ******  ERROR  ******  ERROR  ***********
 *                                                                          *
 *  WebbPSF requires several data files to operate.                         *
 *  These files could not be located automatically at this time, or this    *
 *  version of the software requires a newer set of reference files than    *
 *  you have installed.  For more details see:                              *
 *                                                                          *
 *        https://webbpsf.readthedocs.io/en/stable/installation.html        *
 *                                                                          *
 *  under "Installing the Required Data Files".                             *
 *  WebbPSF will not be able to function properly until the appropriate     *
 *  reference files have been downloaded to your machine and installed.     *
 *                                                                          *
 ****************************************************************************


